Flow report for ContadorDecimal
Wed Aug 23 10:56:29 2023
Quartus Prime Version 20.1.0 Build 711 06/05/2020 SJ Lite Edition


---------------------
; Table of Contents ;
---------------------
  1. Legal Notice
  2. Flow Summary
  3. Flow Settings
  4. Flow Non-Default Global Settings
  5. Flow Elapsed Time
  6. Flow OS Summary
  7. Flow Log
  8. Flow Messages
  9. Flow Suppressed Messages



----------------
; Legal Notice ;
----------------
Copyright (C) 2020  Intel Corporation. All rights reserved.
Your use of Intel Corporation's design tools, logic functions 
and other software and tools, and any partner logic 
functions, and any output files from any of the foregoing 
(including device programming or simulation files), and any 
associated documentation or information are expressly subject 
to the terms and conditions of the Intel Program License 
Subscription Agreement, the Intel Quartus Prime License Agreement,
the Intel FPGA IP License Agreement, or other applicable license
agreement, including, without limitation, that your use is for
the sole purpose of programming logic devices manufactured by
Intel and sold by Intel or its authorized distributors.  Please
refer to the applicable agreement for further details, at
https://fpgasoftware.intel.com/eula.



+----------------------------------------------------------------------------------+
; Flow Summary                                                                     ;
+------------------------------------+---------------------------------------------+
; Flow Status                        ; Successful - Wed Aug 23 10:56:29 2023       ;
; Quartus Prime Version              ; 20.1.0 Build 711 06/05/2020 SJ Lite Edition ;
; Revision Name                      ; ContadorDecimal                             ;
; Top-level Entity Name              ; ContadorDecimal                             ;
; Family                             ; Cyclone IV E                                ;
; Device                             ; EP4CE115F29C7                               ;
; Timing Models                      ; Final                                       ;
; Total logic elements               ; 403 / 114,480 ( < 1 % )                     ;
;     Total combinational functions  ; 401 / 114,480 ( < 1 % )                     ;
;     Dedicated logic registers      ; 51 / 114,480 ( < 1 % )                      ;
; Total registers                    ; 51                                          ;
; Total pins                         ; 47 / 529 ( 9 % )                            ;
; Total virtual pins                 ; 0                                           ;
; Total memory bits                  ; 0 / 3,981,312 ( 0 % )                       ;
; Embedded Multiplier 9-bit elements ; 0 / 532 ( 0 % )                             ;
; Total PLLs                         ; 0 / 4 ( 0 % )                               ;
+------------------------------------+---------------------------------------------+


+-----------------------------------------+
; Flow Settings                           ;
+-------------------+---------------------+
; Option            ; Setting             ;
+-------------------+---------------------+
; Start date & time ; 08/23/2023 10:53:22 ;
; Main task         ; Compilation         ;
; Revision Name     ; ContadorDecimal     ;
+-------------------+---------------------+


+------------------------------------------------------------------------------------------------------------------------------------------------+
; Flow Non-Default Global Settings                                                                                                               ;
+-------------------------------------+----------------------------------------+---------------+-------------+-----------------------------------+
; Assignment Name                     ; Value                                  ; Default Value ; Entity Name ; Section Id                        ;
+-------------------------------------+----------------------------------------+---------------+-------------+-----------------------------------+
; COMPILER_SIGNATURE_ID               ; 52934028722051.169279880219988         ; --            ; --          ; --                                ;
; EDA_GENERATE_FUNCTIONAL_NETLIST     ; Off                                    ; --            ; --          ; eda_board_design_timing           ;
; EDA_GENERATE_FUNCTIONAL_NETLIST     ; Off                                    ; --            ; --          ; eda_board_design_boundary_scan    ;
; EDA_GENERATE_FUNCTIONAL_NETLIST     ; Off                                    ; --            ; --          ; eda_board_design_signal_integrity ;
; EDA_GENERATE_FUNCTIONAL_NETLIST     ; Off                                    ; --            ; --          ; eda_board_design_symbol           ;
; EDA_OUTPUT_DATA_FORMAT              ; Vhdl                                   ; --            ; --          ; eda_simulation                    ;
; EDA_SIMULATION_TOOL                 ; ModelSim (VHDL)                        ; <None>        ; --          ; --                                ;
; EDA_TIME_SCALE                      ; 1 ps                                   ; --            ; --          ; eda_simulation                    ;
; MAX_CORE_JUNCTION_TEMP              ; 85                                     ; --            ; --          ; --                                ;
; MIN_CORE_JUNCTION_TEMP              ; 0                                      ; --            ; --          ; --                                ;
; NOMINAL_CORE_SUPPLY_VOLTAGE         ; 1.2V                                   ; --            ; --          ; --                                ;
; PARTITION_COLOR                     ; -- (Not supported for targeted family) ; --            ; --          ; Top                               ;
; PARTITION_FITTER_PRESERVATION_LEVEL ; -- (Not supported for targeted family) ; --            ; --          ; Top                               ;
; PARTITION_NETLIST_TYPE              ; -- (Not supported for targeted family) ; --            ; --          ; Top                               ;
; PROJECT_OUTPUT_DIRECTORY            ; output_files                           ; --            ; --          ; --                                ;
+-------------------------------------+----------------------------------------+---------------+-------------+-----------------------------------+


+--------------------------------------------------------------------------------------------------------------------------+
; Flow Elapsed Time                                                                                                        ;
+----------------------+--------------+-------------------------+---------------------+------------------------------------+
; Module Name          ; Elapsed Time ; Average Processors Used ; Peak Virtual Memory ; Total CPU Time (on all processors) ;
+----------------------+--------------+-------------------------+---------------------+------------------------------------+
; Analysis & Synthesis ; 00:00:39     ; 1.0                     ; 4796 MB             ; 00:01:28                           ;
; Fitter               ; 00:01:07     ; 1.0                     ; 5721 MB             ; 00:01:39                           ;
; Assembler            ; 00:00:12     ; 1.0                     ; 4689 MB             ; 00:00:12                           ;
; Timing Analyzer      ; 00:00:09     ; 1.0                     ; 4846 MB             ; 00:00:07                           ;
; EDA Netlist Writer   ; 00:00:02     ; 1.0                     ; 4648 MB             ; 00:00:02                           ;
; EDA Netlist Writer   ; 00:00:03     ; 1.0                     ; 4640 MB             ; 00:00:02                           ;
; EDA Netlist Writer   ; 00:00:03     ; 1.0                     ; 4648 MB             ; 00:00:03                           ;
; Total                ; 00:02:15     ; --                      ; --                  ; 00:03:33                           ;
+----------------------+--------------+-------------------------+---------------------+------------------------------------+


+------------------------------------------------------------------------------------+
; Flow OS Summary                                                                    ;
+----------------------+------------------+------------+------------+----------------+
; Module Name          ; Machine Hostname ; OS Name    ; OS Version ; Processor type ;
+----------------------+------------------+------------+------------+----------------+
; Analysis & Synthesis ; LAPTOP-HPAVNTG8  ; Windows 10 ; 10.0       ; x86_64         ;
; Fitter               ; LAPTOP-HPAVNTG8  ; Windows 10 ; 10.0       ; x86_64         ;
; Assembler            ; LAPTOP-HPAVNTG8  ; Windows 10 ; 10.0       ; x86_64         ;
; Timing Analyzer      ; LAPTOP-HPAVNTG8  ; Windows 10 ; 10.0       ; x86_64         ;
; EDA Netlist Writer   ; LAPTOP-HPAVNTG8  ; Windows 10 ; 10.0       ; x86_64         ;
; EDA Netlist Writer   ; LAPTOP-HPAVNTG8  ; Windows 10 ; 10.0       ; x86_64         ;
; EDA Netlist Writer   ; LAPTOP-HPAVNTG8  ; Windows 10 ; 10.0       ; x86_64         ;
+----------------------+------------------+------------+------------+----------------+


------------
; Flow Log ;
------------
quartus_map --read_settings_files=on --write_settings_files=off ContadorDecimal -c ContadorDecimal
quartus_fit --read_settings_files=off --write_settings_files=off ContadorDecimal -c ContadorDecimal
quartus_asm --read_settings_files=off --write_settings_files=off ContadorDecimal -c ContadorDecimal
quartus_sta ContadorDecimal -c ContadorDecimal
quartus_eda --read_settings_files=off --write_settings_files=off ContadorDecimal -c ContadorDecimal
quartus_eda --gen_testbench --tool=modelsim_oem --format=vhdl --write_settings_files=off ContadorDecimal -c ContadorDecimal --vector_source=C:/intelFPGA_lite/20.1/ContadorDecimal/Waveform4.vwf --testbench_file=C:/intelFPGA_lite/20.1/ContadorDecimal/simulation/qsim/Waveform4.vwf.vht
quartus_eda --write_settings_files=off --simulation=on --functional=on --flatten_buses=off --tool=modelsim_oem --format=vhdl --output_directory=C:/intelFPGA_lite/20.1/ContadorDecimal/simulation/qsim/ ContadorDecimal -c ContadorDecimal



